<?xml version="1.0" encoding="UTF-8"?>
<testsuite name="pitchbook.bulkupdate.model.TransactionTest" tests="2" skipped="0" failures="0" errors="0" timestamp="2022-09-17T22:50:19" hostname="HXNB-1999" time="0.004">
  <properties/>
  <testcase name="testEmptyConstructor()" classname="pitchbook.bulkupdate.model.TransactionTest" time="0.003"/>
  <testcase name="testTransactionModel()" classname="pitchbook.bulkupdate.model.TransactionTest" time="0.001"/>
  <system-out><![CDATA[]]></system-out>
  <system-err><![CDATA[]]></system-err>
</testsuite>
