<?xml version="1.0" encoding="UTF-8"?>
<testsuite name="pitchbook.bulkupdate.model.CryptoCurrencyListTest" tests="1" skipped="0" failures="0" errors="0" timestamp="2022-09-17T22:50:19" hostname="HXNB-1999" time="0.002">
  <properties/>
  <testcase name="testCryptoCurrencyListModel()" classname="pitchbook.bulkupdate.model.CryptoCurrencyListTest" time="0.002"/>
  <system-out><![CDATA[]]></system-out>
  <system-err><![CDATA[]]></system-err>
</testsuite>
