<?xml version="1.0" encoding="UTF-8"?>
<testsuite name="pitchbook.bulkupdate.model.Dtos.TransactionDTOTest" tests="2" skipped="0" failures="0" errors="0" timestamp="2022-09-17T22:50:19" hostname="HXNB-1999" time="0.006">
  <properties/>
  <testcase name="testEmptyConstructor()" classname="pitchbook.bulkupdate.model.Dtos.TransactionDTOTest" time="0.004"/>
  <testcase name="testTransactionDTOModel()" classname="pitchbook.bulkupdate.model.Dtos.TransactionDTOTest" time="0.0"/>
  <system-out><![CDATA[]]></system-out>
  <system-err><![CDATA[]]></system-err>
</testsuite>
